<?xml version="1.0" encoding="UTF-8"?>
<!-- Generated by org.testng.reporters.JUnitReportReporter -->
<testsuite hostname="DESKTOP-QFADL1A" failures="0" tests="1" name="AutomationTestCases" time="2.361" errors="0" timestamp="2025-07-05T00:32:54 EET" skipped="0">
  <testcase classname="AutomationTestCases" name="Signup" time="2.361"/>
</testsuite> <!-- AutomationTestCases -->
